Using pre-set license
Built from '2020.2/release' branch; Version is '2020.2.1f1 (270dd8c3da1c) revision 2559448'; Using compiler version '192528614'; Build Type 'Release'
OS: 'Windows 10  (10.0.0) 64bit' Language: 'en' Physical Memory: 16257 MB
BatchMode: 1, IsHumanControllingUs: 0, StartBugReporterOnCrash: 0, Is64bit: 1, IsPro: 0

 COMMAND LINE ARGUMENTS:
C:\Users\gogre\Documents\Unity\2020.2.1f1\Editor\Unity.exe
-adb2
-batchMode
-noUpm
-name
AssetImportWorker0
-projectPath
C:/Users/gogre/Documents/GitHub/BPR-NEW
-logFile
Logs/AssetImportWorker0.log
-srvPort
50333
Successfully changed project path to: C:/Users/gogre/Documents/GitHub/BPR-NEW
C:/Users/gogre/Documents/GitHub/BPR-NEW
Using Asset Import Pipeline V2.
Refreshing native plugins compatible for Editor in 80.20 ms, found 9 plugins.
Preloading 1 native plugins for Editor in 1.22 ms.
Initialize engine version: 2020.2.1f1 (270dd8c3da1c)
[Subsystems] Discovering subsystems at path C:/Users/gogre/Documents/Unity/2020.2.1f1/Editor/Data/Resources/UnitySubsystems
[Subsystems] Discovering subsystems at path C:/Users/gogre/Documents/GitHub/BPR-NEW/Assets
GfxDevice: creating device client; threaded=0
Direct3D:
    Version:  Direct3D 11.0 [level 11.1]
    Renderer: NVIDIA GeForce RTX 2070 with Max-Q Design (ID=0x1f50)
    Vendor:   
    VRAM:     8031 MB
    Driver:   30.0.14.7212
Initialize mono
Mono path[0] = 'C:/Users/gogre/Documents/Unity/2020.2.1f1/Editor/Data/Managed'
Mono path[1] = 'C:/Users/gogre/Documents/Unity/2020.2.1f1/Editor/Data/MonoBleedingEdge/lib/mono/unityjit'
Mono config path = 'C:/Users/gogre/Documents/Unity/2020.2.1f1/Editor/Data/MonoBleedingEdge/etc'
Using monoOptions --debugger-agent=transport=dt_socket,embedding=1,server=y,suspend=n,address=127.0.0.1:56872
Begin MonoManager ReloadAssembly
Registering precompiled unity dll's ...
Register platform support module: C:/Users/gogre/Documents/Unity/2020.2.1f1/Editor/Data/PlaybackEngines/WindowsStandaloneSupport/UnityEditor.WindowsStandalone.Extensions.dll
Registered in 0.002240 seconds.
Native extension for WindowsStandalone target not found
Refreshing native plugins compatible for Editor in 58.78 ms, found 9 plugins.
Preloading 1 native plugins for Editor in 0.13 ms.
Invoked RoslynAnalysisRunner static constructor.
RoslynAnalysisRunner will not be running.
RoslynAnalysisRunner has terminated.
Mono: successfully reloaded assembly
- Completed reload, in  2.986 seconds
Platform modules already initialized, skipping
Registering precompiled user dll's ...
Registered in 0.011277 seconds.
Begin MonoManager ReloadAssembly
Native extension for WindowsStandalone target not found
Refreshing native plugins compatible for Editor in 43.19 ms, found 9 plugins.
Preloading 1 native plugins for Editor in 0.25 ms.
Invoked RoslynAnalysisRunner static constructor.
RoslynAnalysisRunner will not be running.
RoslynAnalysisRunner has terminated.
[XR] OculusXRPlugin: registering subsystems
[XR] Unable to register display lifecyle provider: [1]
[XR] Oculus Input lifecycle provider registered.
[XR] Unable to register input lifecyle provider: [1]
NullReferenceException: Object reference not set to an instance of an object
  at Unity.XR.Oculus.OculusLoader.AssetPathToAbsolutePath (System.String assetPath) [0x00048] in C:\Users\gogre\Documents\GitHub\BPR-NEW\Library\PackageCache\com.unity.xr.oculus@1.6.1\Runtime\OculusLoader.cs:242 
  at Unity.XR.Oculus.OculusLoader.EditorLoadOVRPlugin () [0x0007b] in C:\Users\gogre\Documents\GitHub\BPR-NEW\Library\PackageCache\com.unity.xr.oculus@1.6.1\Runtime\OculusLoader.cs:227 

(Filename: Library/PackageCache/com.unity.xr.oculus@1.6.1/Runtime/OculusLoader.cs Line: 242)

Mono: successfully reloaded assembly
- Completed reload, in  1.524 seconds
Platform modules already initialized, skipping
========================================================================
Worker process is ready to serve import requests
Launched and connected shader compiler UnityShaderCompiler.exe after 0.05 seconds
Refreshing native plugins compatible for Editor in 1.17 ms, found 9 plugins.
Preloading 1 native plugins for Editor in 0.12 ms.
Unloading 1626 Unused Serialized files (Serialized files now loaded: 0)
System memory in use before: 80.3 MB.
System memory in use after: 80.2 MB.

Unloading 41 unused Assets to reduce memory usage. Loaded Objects now: 2099.
Total: 3.114200 ms (FindLiveObjects: 0.449900 ms CreateObjectMapping: 0.369800 ms MarkObjects: 2.147200 ms  DeleteObjects: 0.145800 ms)

========================================================================
Received Import Request.
  path: Assets/Scenes
  artifactKey: Guid(3b80a5ce283862a4ea843220f548f837) Importer(815301076,1909f56bfc062723c751e8b465ee728b)
Start importing Assets/Scenes using Guid(3b80a5ce283862a4ea843220f548f837) Importer(815301076,1909f56bfc062723c751e8b465ee728b)  -> (artifact id: '7f600c5fb79efbc4d8245f75b9cfd7ca') in 0.012008 seconds
  Import took 0.015105 seconds .

========================================================================
Received Import Request.
  Time since last request: 49.087662 seconds.
  path: Assets/Samples/OpenXR Plugin/1.1.1/Controller
  artifactKey: Guid(316a4746f1ca470489d6f9baa4d6a81a) Importer(815301076,1909f56bfc062723c751e8b465ee728b)
Start importing Assets/Samples/OpenXR Plugin/1.1.1/Controller using Guid(316a4746f1ca470489d6f9baa4d6a81a) Importer(815301076,1909f56bfc062723c751e8b465ee728b)  -> (artifact id: 'b6b01030badc6c53857ae4eed1a4eb59') in 0.027978 seconds
  Import took 0.037243 seconds .

========================================================================
Received Prepare
Registering precompiled user dll's ...
Registered in 0.014016 seconds.
Begin MonoManager ReloadAssembly
Native extension for WindowsStandalone target not found
Refreshing native plugins compatible for Editor in 1.16 ms, found 9 plugins.
Preloading 1 native plugins for Editor in 0.11 ms.
Invoked RoslynAnalysisRunner static constructor.
RoslynAnalysisRunner will not be running.
RoslynAnalysisRunner has terminated.
NullReferenceException: Object reference not set to an instance of an object
  at Unity.XR.Oculus.OculusLoader.AssetPathToAbsolutePath (System.String assetPath) [0x00048] in C:\Users\gogre\Documents\GitHub\BPR-NEW\Library\PackageCache\com.unity.xr.oculus@1.6.1\Runtime\OculusLoader.cs:242 
  at Unity.XR.Oculus.OculusLoader.EditorLoadOVRPlugin () [0x0007b] in C:\Users\gogre\Documents\GitHub\BPR-NEW\Library\PackageCache\com.unity.xr.oculus@1.6.1\Runtime\OculusLoader.cs:227 

(Filename: Library/PackageCache/com.unity.xr.oculus@1.6.1/Runtime/OculusLoader.cs Line: 242)

Mono: successfully reloaded assembly
- Completed reload, in  1.382 seconds
Platform modules already initialized, skipping
Refreshing native plugins compatible for Editor in 1.72 ms, found 9 plugins.
Preloading 1 native plugins for Editor in 0.18 ms.
Unloading 1607 Unused Serialized files (Serialized files now loaded: 0)
System memory in use before: 79.5 MB.
System memory in use after: 79.6 MB.

Unloading 34 unused Assets to reduce memory usage. Loaded Objects now: 2110.
Total: 4.508600 ms (FindLiveObjects: 0.442900 ms CreateObjectMapping: 0.166600 ms MarkObjects: 3.757000 ms  DeleteObjects: 0.139800 ms)

========================================================================
Received Prepare
Registering precompiled user dll's ...
Registered in 0.011926 seconds.
Begin MonoManager ReloadAssembly
Native extension for WindowsStandalone target not found
Refreshing native plugins compatible for Editor in 0.99 ms, found 9 plugins.
Preloading 1 native plugins for Editor in 0.22 ms.
Invoked RoslynAnalysisRunner static constructor.
RoslynAnalysisRunner will not be running.
RoslynAnalysisRunner has terminated.
NullReferenceException: Object reference not set to an instance of an object
  at Unity.XR.Oculus.OculusLoader.AssetPathToAbsolutePath (System.String assetPath) [0x00048] in C:\Users\gogre\Documents\GitHub\BPR-NEW\Library\PackageCache\com.unity.xr.oculus@1.6.1\Runtime\OculusLoader.cs:242 
  at Unity.XR.Oculus.OculusLoader.EditorLoadOVRPlugin () [0x0007b] in C:\Users\gogre\Documents\GitHub\BPR-NEW\Library\PackageCache\com.unity.xr.oculus@1.6.1\Runtime\OculusLoader.cs:227 

(Filename: Library/PackageCache/com.unity.xr.oculus@1.6.1/Runtime/OculusLoader.cs Line: 242)

Mono: successfully reloaded assembly
- Completed reload, in  1.743 seconds
Platform modules already initialized, skipping
Refreshing native plugins compatible for Editor in 0.73 ms, found 9 plugins.
Preloading 1 native plugins for Editor in 0.10 ms.
Unloading 1609 Unused Serialized files (Serialized files now loaded: 0)
System memory in use before: 88.8 MB.
System memory in use after: 88.9 MB.

Unloading 34 unused Assets to reduce memory usage. Loaded Objects now: 2115.
Total: 4.606600 ms (FindLiveObjects: 0.527900 ms CreateObjectMapping: 0.208200 ms MarkObjects: 3.730400 ms  DeleteObjects: 0.138300 ms)

========================================================================
Received Prepare
Registering precompiled user dll's ...
Registered in 0.007739 seconds.
Begin MonoManager ReloadAssembly
Native extension for WindowsStandalone target not found
Refreshing native plugins compatible for Editor in 0.77 ms, found 9 plugins.
Preloading 1 native plugins for Editor in 0.10 ms.
Invoked RoslynAnalysisRunner static constructor.
RoslynAnalysisRunner will not be running.
RoslynAnalysisRunner has terminated.
NullReferenceException: Object reference not set to an instance of an object
  at Unity.XR.Oculus.OculusLoader.AssetPathToAbsolutePath (System.String assetPath) [0x00048] in C:\Users\gogre\Documents\GitHub\BPR-NEW\Library\PackageCache\com.unity.xr.oculus@1.6.1\Runtime\OculusLoader.cs:242 
  at Unity.XR.Oculus.OculusLoader.EditorLoadOVRPlugin () [0x0007b] in C:\Users\gogre\Documents\GitHub\BPR-NEW\Library\PackageCache\com.unity.xr.oculus@1.6.1\Runtime\OculusLoader.cs:227 

(Filename: Library/PackageCache/com.unity.xr.oculus@1.6.1/Runtime/OculusLoader.cs Line: 242)

Mono: successfully reloaded assembly
- Completed reload, in  1.432 seconds
Platform modules already initialized, skipping
Refreshing native plugins compatible for Editor in 1.25 ms, found 9 plugins.
Preloading 1 native plugins for Editor in 0.16 ms.
Unloading 1720 Unused Serialized files (Serialized files now loaded: 0)
System memory in use before: 92.4 MB.
System memory in use after: 92.5 MB.

Unloading 34 unused Assets to reduce memory usage. Loaded Objects now: 2229.
Total: 2.611800 ms (FindLiveObjects: 0.320000 ms CreateObjectMapping: 0.115700 ms MarkObjects: 2.053700 ms  DeleteObjects: 0.120800 ms)

========================================================================
Received Import Request.
  Time since last request: 685.642651 seconds.
  path: Assets/Scenes/SampleScene.unity
  artifactKey: Guid(9fc0d4010bbf28b4594072e72b8655ab) Importer(815301076,1909f56bfc062723c751e8b465ee728b)
Start importing Assets/Scenes/SampleScene.unity using Guid(9fc0d4010bbf28b4594072e72b8655ab) Importer(815301076,1909f56bfc062723c751e8b465ee728b)  -> (artifact id: '016640421bf54ce873cbc7b610fdb87c') in 0.028916 seconds
  Import took 0.032980 seconds .

========================================================================
Received Import Request.
  Time since last request: 8.785975 seconds.
  path: Assets/Scenes/Menu.unity
  artifactKey: Guid(2edaec2017627ea41a17194f7ce645e6) Importer(815301076,1909f56bfc062723c751e8b465ee728b)
Start importing Assets/Scenes/Menu.unity using Guid(2edaec2017627ea41a17194f7ce645e6) Importer(815301076,1909f56bfc062723c751e8b465ee728b)  -> (artifact id: '94f7ef6c152d4600d082a2b18eae3fdf') in 0.014226 seconds
  Import took 0.017800 seconds .

========================================================================
Received Prepare
Registering precompiled user dll's ...
Registered in 0.013117 seconds.
Begin MonoManager ReloadAssembly
Native extension for WindowsStandalone target not found
Refreshing native plugins compatible for Editor in 1.16 ms, found 9 plugins.
Preloading 1 native plugins for Editor in 0.10 ms.
Invoked RoslynAnalysisRunner static constructor.
RoslynAnalysisRunner will not be running.
RoslynAnalysisRunner has terminated.
NullReferenceException: Object reference not set to an instance of an object
  at Unity.XR.Oculus.OculusLoader.AssetPathToAbsolutePath (System.String assetPath) [0x00048] in C:\Users\gogre\Documents\GitHub\BPR-NEW\Library\PackageCache\com.unity.xr.oculus@1.6.1\Runtime\OculusLoader.cs:242 
  at Unity.XR.Oculus.OculusLoader.EditorLoadOVRPlugin () [0x0007b] in C:\Users\gogre\Documents\GitHub\BPR-NEW\Library\PackageCache\com.unity.xr.oculus@1.6.1\Runtime\OculusLoader.cs:227 

(Filename: Library/PackageCache/com.unity.xr.oculus@1.6.1/Runtime/OculusLoader.cs Line: 242)

Mono: successfully reloaded assembly
- Completed reload, in  1.290 seconds
Platform modules already initialized, skipping
Refreshing native plugins compatible for Editor in 0.62 ms, found 9 plugins.
Preloading 1 native plugins for Editor in 0.07 ms.
Unloading 1733 Unused Serialized files (Serialized files now loaded: 0)
System memory in use before: 94.3 MB.
System memory in use after: 93.8 MB.

Unloading 47 unused Assets to reduce memory usage. Loaded Objects now: 2232.
Total: 3.739800 ms (FindLiveObjects: 0.529500 ms CreateObjectMapping: 0.332400 ms MarkObjects: 2.523700 ms  DeleteObjects: 0.352500 ms)

========================================================================
Received Prepare
Registering precompiled user dll's ...
Registered in 0.008574 seconds.
Begin MonoManager ReloadAssembly
Native extension for WindowsStandalone target not found
Refreshing native plugins compatible for Editor in 0.91 ms, found 9 plugins.
Preloading 1 native plugins for Editor in 0.14 ms.
Invoked RoslynAnalysisRunner static constructor.
RoslynAnalysisRunner will not be running.
RoslynAnalysisRunner has terminated.
NullReferenceException: Object reference not set to an instance of an object
  at Unity.XR.Oculus.OculusLoader.AssetPathToAbsolutePath (System.String assetPath) [0x00048] in C:\Users\gogre\Documents\GitHub\BPR-NEW\Library\PackageCache\com.unity.xr.oculus@1.6.1\Runtime\OculusLoader.cs:242 
  at Unity.XR.Oculus.OculusLoader.EditorLoadOVRPlugin () [0x0007b] in C:\Users\gogre\Documents\GitHub\BPR-NEW\Library\PackageCache\com.unity.xr.oculus@1.6.1\Runtime\OculusLoader.cs:227 

(Filename: Library/PackageCache/com.unity.xr.oculus@1.6.1/Runtime/OculusLoader.cs Line: 242)

Mono: successfully reloaded assembly
- Completed reload, in  1.237 seconds
Platform modules already initialized, skipping
Refreshing native plugins compatible for Editor in 1.79 ms, found 9 plugins.
Preloading 1 native plugins for Editor in 0.14 ms.
Unloading 1733 Unused Serialized files (Serialized files now loaded: 0)
System memory in use before: 94.5 MB.
System memory in use after: 94.0 MB.

Unloading 47 unused Assets to reduce memory usage. Loaded Objects now: 2235.
Total: 3.396600 ms (FindLiveObjects: 0.252000 ms CreateObjectMapping: 0.108400 ms MarkObjects: 2.437200 ms  DeleteObjects: 0.596400 ms)

========================================================================
Received Import Request.
  Time since last request: 510.487408 seconds.
  path: Assets/Normal
  artifactKey: Guid(5ea2a870f959dd04d895245f7a42a29b) Importer(815301076,1909f56bfc062723c751e8b465ee728b)
Start importing Assets/Normal using Guid(5ea2a870f959dd04d895245f7a42a29b) Importer(815301076,1909f56bfc062723c751e8b465ee728b)  -> (artifact id: 'b81b642afabbe08635b49aec5ee14bde') in 0.014161 seconds
  Import took 0.019061 seconds .

========================================================================
Received Import Request.
  Time since last request: 1.359006 seconds.
  path: Assets/Normal/Resources
  artifactKey: Guid(2d2f0ca96d0448145b7102fec95db46c) Importer(815301076,1909f56bfc062723c751e8b465ee728b)
Start importing Assets/Normal/Resources using Guid(2d2f0ca96d0448145b7102fec95db46c) Importer(815301076,1909f56bfc062723c751e8b465ee728b)  -> (artifact id: 'dd73c626a0dbe801e956d4c6975349a4') in 0.012054 seconds
  Import took 0.015738 seconds .

========================================================================
Received Prepare
Registering precompiled user dll's ...
Registered in 0.014492 seconds.
Begin MonoManager ReloadAssembly
Native extension for WindowsStandalone target not found
Refreshing native plugins compatible for Editor in 0.83 ms, found 9 plugins.
Preloading 1 native plugins for Editor in 0.11 ms.
Invoked RoslynAnalysisRunner static constructor.
RoslynAnalysisRunner will not be running.
RoslynAnalysisRunner has terminated.
NullReferenceException: Object reference not set to an instance of an object
  at Unity.XR.Oculus.OculusLoader.AssetPathToAbsolutePath (System.String assetPath) [0x00048] in C:\Users\gogre\Documents\GitHub\BPR-NEW\Library\PackageCache\com.unity.xr.oculus@1.6.1\Runtime\OculusLoader.cs:242 
  at Unity.XR.Oculus.OculusLoader.EditorLoadOVRPlugin () [0x0007b] in C:\Users\gogre\Documents\GitHub\BPR-NEW\Library\PackageCache\com.unity.xr.oculus@1.6.1\Runtime\OculusLoader.cs:227 

(Filename: Library/PackageCache/com.unity.xr.oculus@1.6.1/Runtime/OculusLoader.cs Line: 242)

Mono: successfully reloaded assembly
- Completed reload, in  1.702 seconds
Platform modules already initialized, skipping
Refreshing native plugins compatible for Editor in 0.94 ms, found 9 plugins.
Preloading 1 native plugins for Editor in 0.11 ms.
Unloading 1733 Unused Serialized files (Serialized files now loaded: 0)
System memory in use before: 94.6 MB.
System memory in use after: 94.1 MB.

Unloading 47 unused Assets to reduce memory usage. Loaded Objects now: 2238.
Total: 3.419300 ms (FindLiveObjects: 0.399900 ms CreateObjectMapping: 0.170200 ms MarkObjects: 2.432200 ms  DeleteObjects: 0.415300 ms)

========================================================================
Received Prepare
Registering precompiled user dll's ...
Registered in 0.009548 seconds.
Begin MonoManager ReloadAssembly
Native extension for WindowsStandalone target not found
Refreshing native plugins compatible for Editor in 1.46 ms, found 9 plugins.
Preloading 1 native plugins for Editor in 0.17 ms.
Invoked RoslynAnalysisRunner static constructor.
RoslynAnalysisRunner will not be running.
RoslynAnalysisRunner has terminated.
NullReferenceException: Object reference not set to an instance of an object
  at Unity.XR.Oculus.OculusLoader.AssetPathToAbsolutePath (System.String assetPath) [0x00048] in C:\Users\gogre\Documents\GitHub\BPR-NEW\Library\PackageCache\com.unity.xr.oculus@1.6.1\Runtime\OculusLoader.cs:242 
  at Unity.XR.Oculus.OculusLoader.EditorLoadOVRPlugin () [0x0007b] in C:\Users\gogre\Documents\GitHub\BPR-NEW\Library\PackageCache\com.unity.xr.oculus@1.6.1\Runtime\OculusLoader.cs:227 

(Filename: Library/PackageCache/com.unity.xr.oculus@1.6.1/Runtime/OculusLoader.cs Line: 242)

Mono: successfully reloaded assembly
- Completed reload, in  1.378 seconds
Platform modules already initialized, skipping
Refreshing native plugins compatible for Editor in 0.88 ms, found 9 plugins.
Preloading 1 native plugins for Editor in 0.10 ms.
Unloading 1733 Unused Serialized files (Serialized files now loaded: 0)
System memory in use before: 94.7 MB.
System memory in use after: 94.2 MB.

Unloading 47 unused Assets to reduce memory usage. Loaded Objects now: 2241.
Total: 2.860200 ms (FindLiveObjects: 0.275400 ms CreateObjectMapping: 0.108700 ms MarkObjects: 2.097700 ms  DeleteObjects: 0.377300 ms)

AssetImportWorkerClient::OnTransportError - code=2 error=End of file
